<?xml version="1.0" encoding="UTF-8"?>
<!-- Generated by org.testng.reporters.JUnitReportReporter -->
<testsuite hostname="BSRPN" failures="0" tests="1" name="Day26.Iframes" time="29.051" errors="0" timestamp="2025-08-19T21:57:00 IST" skipped="0">
  <testcase classname="Day26.Iframes" name="testIframes" time="29.051"/>
</testsuite> <!-- Day26.Iframes -->
