<?xml version="1.0" encoding="UTF-8"?>
<!-- Generated by org.testng.reporters.JUnitReportReporter -->
<testsuite hostname="BSRPN" failures="0" tests="6" name="Day25.ParallelExecutionExample" time="56.050" errors="0" timestamp="2025-08-19T20:55:54 IST" skipped="0">
  <testcase classname="Day25.ParallelExecutionExample" name="signUpToNopCommerce" time="13.251"/>
  <testcase classname="Day25.ParallelExecutionExample" name="signUpToNopCommerce" time="7.827"/>
  <testcase classname="Day25.ParallelExecutionExample" name="signUpToNopCommerce" time="10.423"/>
  <testcase classname="Day25.ParallelExecutionExample" name="loginToNopCommerce" time="7.113"/>
  <testcase classname="Day25.ParallelExecutionExample" name="loginToNopCommerce" time="8.085"/>
  <testcase classname="Day25.ParallelExecutionExample" name="loginToNopCommerce" time="9.351"/>
</testsuite> <!-- Day25.ParallelExecutionExample -->
