<?xml version="1.0" encoding="UTF-8"?>
<!-- Generated by org.testng.reporters.JUnitReportReporter -->
<testsuite hostname="BSRPN" failures="0" tests="1" name="Day27.FormTest" time="3.094" errors="0" timestamp="2025-08-21T17:47:40 IST" skipped="0">
  <testcase classname="Day27.FormTest" name="fillForm" time="3.094"/>
</testsuite> <!-- Day27.FormTest -->
