<?xml version="1.0" encoding="UTF-8"?>
<!-- Generated by org.testng.reporters.JUnitReportReporter -->
<testsuite hostname="BSRPN" failures="0" tests="1" name="Day27.Singleton_Test" time="1.031" errors="0" timestamp="2025-08-21T18:21:40 IST" skipped="0">
  <testcase classname="Day27.Singleton_Test" name="testDown" time="1.031"/>
</testsuite> <!-- Day27.Singleton_Test -->
