<?xml version="1.0" encoding="UTF-8"?>
<!-- Generated by org.testng.reporters.JUnitReportReporter -->
<testsuite hostname="BSRPN" failures="0" tests="3" name="Day24.Form_DataProvider" time="30.323" errors="0" timestamp="2025-08-17T22:37:04 IST" skipped="0">
  <testcase classname="Day24.Form_DataProvider" name="register" time="8.416"/>
  <testcase classname="Day24.Form_DataProvider" name="register" time="9.504"/>
  <testcase classname="Day24.Form_DataProvider" name="register" time="12.403"/>
</testsuite> <!-- Day24.Form_DataProvider -->
