<?xml version="1.0" encoding="UTF-8"?>
<!-- Generated by org.testng.reporters.JUnitReportReporter -->
<testsuite hostname="BSRPN" failures="0" tests="6" name="Day23.Groups" time="0.020" errors="0" timestamp="2025-08-17T22:52:04 IST" skipped="0">
  <testcase classname="Day23.Groups" name="Test1" time="0.011"/>
  <testcase classname="Day23.Groups" name="Test2" time="0.002"/>
  <testcase classname="Day23.Groups" name="Test4" time="0.002"/>
  <testcase classname="Day23.Groups" name="Test5" time="0.002"/>
  <testcase classname="Day23.Groups" name="Test6" time="0.002"/>
  <testcase classname="Day23.Groups" name="Test3" time="0.001"/>
</testsuite> <!-- Day23.Groups -->
