<?xml version="1.0" encoding="UTF-8"?>
<!-- Generated by org.testng.reporters.JUnitReportReporter -->
<testsuite hostname="BSRPN" failures="0" tests="4" name="Day25.Dataproviderclass2" time="33.999" errors="0" timestamp="2025-08-19T21:04:43 IST" skipped="0">
  <testcase classname="Day25.Dataproviderclass2" name="loginTest" time="9.479"/>
  <testcase classname="Day25.Dataproviderclass2" name="loginTest" time="6.811"/>
  <testcase classname="Day25.Dataproviderclass2" name="loginTest" time="6.461"/>
  <testcase classname="Day25.Dataproviderclass2" name="loginTest" time="11.248"/>
</testsuite> <!-- Day25.Dataproviderclass2 -->
