<?xml version="1.0" encoding="UTF-8"?>
<!-- Generated by org.testng.reporters.JUnitReportReporter -->
<testsuite hostname="BSRPN" failures="0" tests="3" name="Day25.Excel2" time="25.454" errors="0" timestamp="2025-08-18T08:28:05 IST" skipped="0">
  <testcase classname="Day25.Excel2" name="register" time="10.086"/>
  <testcase classname="Day25.Excel2" name="register" time="8.028"/>
  <testcase classname="Day25.Excel2" name="register" time="7.340"/>
</testsuite> <!-- Day25.Excel2 -->
