<?xml version="1.0" encoding="UTF-8"?>
<!-- Generated by org.testng.reporters.JUnitReportReporter -->
<testsuite hostname="BSRPN" failures="0" tests="1" name="Day26.Datepicker" time="19.062" errors="0" timestamp="2025-08-19T21:46:24 IST" skipped="0">
  <testcase classname="Day26.Datepicker" name="testDatePicker" time="19.062"/>
</testsuite> <!-- Day26.Datepicker -->
