<?xml version="1.0" encoding="UTF-8"?>
<!-- Generated by org.testng.reporters.JUnitReportReporter -->
<testsuite hostname="BSRPN" failures="0" tests="3" name="Day24.CalculatorTest" time="0.014" errors="0" timestamp="2025-08-17T22:35:36 IST" skipped="0">
  <testcase classname="Day24.CalculatorTest" name="testAddition" time="0.012"/>
  <testcase classname="Day24.CalculatorTest" name="testAddition" time="0.001"/>
  <testcase classname="Day24.CalculatorTest" name="testAddition" time="0.001"/>
</testsuite> <!-- Day24.CalculatorTest -->
