<?xml version="1.0" encoding="UTF-8"?>
<!-- Generated by org.testng.reporters.JUnitReportReporter -->
<testsuite hostname="BSRPN" failures="0" tests="1" name="Day26.DragDrop" time="12.629" errors="0" timestamp="2025-08-19T21:54:46 IST" skipped="0">
  <testcase classname="Day26.DragDrop" name="testDragAndDrop" time="12.629"/>
</testsuite> <!-- Day26.DragDrop -->
