<?xml version="1.0" encoding="UTF-8"?>
<!-- Generated by org.testng.reporters.JUnitReportReporter -->
<testsuite hostname="BSRPN" failures="0" tests="3" name="Day24.Array2d" time="0.011" errors="0" timestamp="2025-08-17T22:44:39 IST" skipped="0">
  <testcase classname="Day24.Array2d" name="loginTest" time="0.001"/>
  <testcase classname="Day24.Array2d" name="loginTest" time="0.001"/>
  <testcase classname="Day24.Array2d" name="loginTest" time="0.009"/>
</testsuite> <!-- Day24.Array2d -->
