<?xml version="1.0" encoding="UTF-8"?>
<!-- Generated by org.testng.reporters.JUnitReportReporter -->
<testsuite hostname="BSRPN" failures="0" tests="3" name="Day23.MultipleGroups" time="18.792" errors="0" timestamp="2025-08-17T23:02:45 IST" skipped="0">
  <testcase classname="Day23.MultipleGroups" name="verifyProfilePageLoads" time="7.812"/>
  <testcase classname="Day23.MultipleGroups" name="verifyHomePageLoads" time="6.939"/>
  <testcase classname="Day23.MultipleGroups" name="verifyLoginPageLoads" time="4.041"/>
</testsuite> <!-- Day23.MultipleGroups -->
