<?xml version="1.0" encoding="UTF-8"?>
<!-- Generated by org.testng.reporters.JUnitReportReporter -->
<testsuite hostname="BSRPN" failures="0" tests="1" name="Day26.AlertBox" time="19.840" errors="0" timestamp="2025-08-19T21:44:22 IST" skipped="0">
  <testcase classname="Day26.AlertBox" name="testAlerts" time="19.840"/>
</testsuite> <!-- Day26.AlertBox -->
