<?xml version="1.0" encoding="UTF-8"?>
<!-- Generated by org.testng.reporters.JUnitReportReporter -->
<testsuite hostname="BSRPN" failures="0" tests="2" name="Day24.DataProviders" time="32.702" errors="0" timestamp="2025-08-17T22:36:23 IST" skipped="0">
  <testcase classname="Day24.DataProviders" name="login" time="10.875"/>
  <testcase classname="Day24.DataProviders" name="login" time="21.827"/>
</testsuite> <!-- Day24.DataProviders -->
