<?xml version="1.0" encoding="UTF-8"?>
<!-- Generated by org.testng.reporters.JUnitReportReporter -->
<testsuite hostname="BSRPN" failures="0" tests="3" name="Day24.SearchFunctionalityTest" time="58.773" errors="0" timestamp="2025-08-17T22:38:31 IST" skipped="0">
  <testcase classname="Day24.SearchFunctionalityTest" name="searchTest" time="20.523"/>
  <testcase classname="Day24.SearchFunctionalityTest" name="searchTest" time="20.766"/>
  <testcase classname="Day24.SearchFunctionalityTest" name="searchTest" time="17.484"/>
</testsuite> <!-- Day24.SearchFunctionalityTest -->
