<?xml version="1.0" encoding="UTF-8"?>
<!-- Generated by org.testng.reporters.JUnitReportReporter -->
<testsuite hostname="BSRPN" failures="0" tests="3" name="Day24.LoopDataProviders" time="0.010" errors="0" timestamp="2025-08-17T22:48:35 IST" skipped="0">
  <testcase classname="Day24.LoopDataProviders" name="loginTest" time="0.001"/>
  <testcase classname="Day24.LoopDataProviders" name="loginTest" time="0.001"/>
  <testcase classname="Day24.LoopDataProviders" name="loginTest" time="0.008"/>
</testsuite> <!-- Day24.LoopDataProviders -->
