<?xml version="1.0" encoding="UTF-8"?>
<!-- Generated by org.testng.reporters.JUnitReportReporter -->
<testsuite hostname="BSRPN" failures="0" tests="1" name="Day26.MultipleTabs" time="16.714" errors="0" timestamp="2025-08-19T21:55:45 IST" skipped="0">
  <testcase classname="Day26.MultipleTabs" name="testMultipleWindows" time="16.714"/>
</testsuite> <!-- Day26.MultipleTabs -->
